<?xml version="1.0" encoding="utf-8"?><testsuites name="pytest tests"><testsuite name="pytest" errors="0" failures="0" skipped="0" tests="20" time="4.351" timestamp="2026-03-12T07:52:22.069293+00:00" hostname="agent-env-5efd29f4-00ff-4471-a157-f09f0e51c0c9"><testcase classname="backend.tests.test_audit_csv.TestAuditLogEndpoint" name="test_audit_logs_admin_access" time="0.561" /><testcase classname="backend.tests.test_audit_csv.TestAuditLogEndpoint" name="test_audit_logs_trader_forbidden" time="0.429" /><testcase classname="backend.tests.test_audit_csv.TestAuditLogEndpoint" name="test_audit_logs_treasury_forbidden" time="0.420" /><testcase classname="backend.tests.test_audit_csv.TestAuditLogEndpoint" name="test_audit_logs_pagination" time="0.156" /><testcase classname="backend.tests.test_audit_csv.TestAuditLogEndpoint" name="test_audit_logs_filter_by_action" time="0.144" /><testcase classname="backend.tests.test_audit_csv.TestAuditLogEndpoint" name="test_audit_logs_filter_by_entity_type" time="0.130" /><testcase classname="backend.tests.test_audit_csv.TestAuditLogEndpoint" name="test_audit_logs_filter_by_user_name" time="0.140" /><testcase classname="backend.tests.test_audit_csv.TestAuditLogEndpoint" name="test_audit_log_entry_structure" time="0.108" /><testcase classname="backend.tests.test_audit_csv.TestAuditLogCreation" name="test_deal_creation_logged" time="0.203" /><testcase classname="backend.tests.test_audit_csv.TestAuditLogCreation" name="test_deal_confirmation_logged" time="0.323" /><testcase classname="backend.tests.test_audit_csv.TestAuditLogCreation" name="test_deal_cancellation_logged" time="0.304" /><testcase classname="backend.tests.test_audit_csv.TestCSVExport" name="test_csv_export_trader" time="0.131" /><testcase classname="backend.tests.test_audit_csv.TestCSVExport" name="test_csv_export_admin" time="0.109" /><testcase classname="backend.tests.test_audit_csv.TestCSVExport" name="test_csv_export_treasury" time="0.107" /><testcase classname="backend.tests.test_audit_csv.TestCSVExport" name="test_csv_export_with_status_filter" time="0.100" /><testcase classname="backend.tests.test_audit_csv.TestCSVExport" name="test_csv_export_with_client_filter" time="0.113" /><testcase classname="backend.tests.test_audit_csv.TestCSVExport" name="test_csv_export_with_date_filters" time="0.098" /><testcase classname="backend.tests.test_audit_csv.TestCSVExport" name="test_csv_export_filename" time="0.099" /><testcase classname="backend.tests.test_audit_csv.TestCSVExport" name="test_csv_export_includes_all_deal_fields" time="0.133" /><testcase classname="backend.tests.test_audit_csv.TestUserAuditLogs" name="test_user_created_logged" time="0.436" /></testsuite></testsuites>