<?xml version="1.0" encoding="utf-8"?><testsuites name="pytest tests"><testsuite name="pytest" errors="0" failures="3" skipped="0" tests="10" time="12.490" timestamp="2026-03-17T15:16:58.639804+00:00" hostname="agent-env-32106591-7339-4d98-9048-0ebef593517c"><testcase classname="tests.test_bank_accounts_and_features.TestBankAccountsAPI" name="test_get_bank_accounts_returns_list" time="1.195" /><testcase classname="tests.test_bank_accounts_and_features.TestBankAccountsAPI" name="test_create_bank_account_as_trader" time="1.206" /><testcase classname="tests.test_bank_accounts_and_features.TestBankAccountsAPI" name="test_create_bank_account_validates_bank_exists" time="1.028" /><testcase classname="tests.test_bank_accounts_and_features.TestBankAccountsAPI" name="test_update_bank_account_as_admin" time="1.322" /><testcase classname="tests.test_bank_accounts_and_features.TestBankAccountsAPI" name="test_delete_bank_account_as_admin" time="1.310" /><testcase classname="tests.test_bank_accounts_and_features.TestDealHistoryTimeline" name="test_deal_has_history_on_creation" time="0.978"><failure message="AssertionError: Deal should have history array&#10;assert 'history' in {'amount': 2945000.0, 'buy_currency': 'PHP', 'client_name': 'Mark Ramos', 'created_at': '2026-03-13T18:31:13.009301+00:00', ...}">tests/test_bank_accounts_and_features.py:193: in test_deal_has_history_on_creation
    assert "history" in deal, "Deal should have history array"
E   AssertionError: Deal should have history array
E   assert 'history' in {'amount': 2945000.0, 'buy_currency': 'PHP', 'client_name': 'Mark Ramos', 'created_at': '2026-03-13T18:31:13.009301+00:00', ...}</failure></testcase><testcase classname="tests.test_bank_accounts_and_features.TestDealHistoryTimeline" name="test_deal_history_records_status_changes" time="3.616" /><testcase classname="tests.test_bank_accounts_and_features.TestSplitSettlementProofs" name="test_deal_settlement_proofs_have_proof_type" time="0.615"><failure message="AssertionError: Proof should have proof_type field&#10;assert 'proof_type' in {'content_type': 'image/png', 'filename': 'Screenshot 2026-03-11 230235.png', 'id': '6cd60625-73ce-41da-b655-c9f75ddcc021', 'path': 'fx-trading-tracker/deals/48506709-161e-4806-8028-35e5c92589ba/b3bb8cf8670848178f5e418c40d84b18.png', ...}">tests/test_bank_accounts_and_features.py:267: in test_deal_settlement_proofs_have_proof_type
    assert "proof_type" in proof, "Proof should have proof_type field"
E   AssertionError: Proof should have proof_type field
E   assert 'proof_type' in {'content_type': 'image/png', 'filename': 'Screenshot 2026-03-11 230235.png', 'id': '6cd60625-73ce-41da-b655-c9f75ddcc021', 'path': 'fx-trading-tracker/deals/48506709-161e-4806-8028-35e5c92589ba/b3bb8cf8670848178f5e418c40d84b18.png', ...}</failure></testcase><testcase classname="tests.test_bank_accounts_and_features.TestSplitSettlementProofs" name="test_upload_endpoint_accepts_proof_type_param" time="0.493" /><testcase classname="tests.test_bank_accounts_and_features.TestDealsEndpoints" name="test_get_deal_returns_full_detail_with_history" time="0.625"><failure message="AssertionError: Deal missing field: history&#10;assert 'history' in {'amount': 2945000.0, 'buy_currency': 'PHP', 'client_name': 'Mark Ramos', 'created_at': '2026-03-13T18:31:13.009301+00:00', ...}">tests/test_bank_accounts_and_features.py:333: in test_get_deal_returns_full_detail_with_history
    assert field in deal, f"Deal missing field: {field}"
E   AssertionError: Deal missing field: history
E   assert 'history' in {'amount': 2945000.0, 'buy_currency': 'PHP', 'client_name': 'Mark Ramos', 'created_at': '2026-03-13T18:31:13.009301+00:00', ...}</failure></testcase></testsuite></testsuites>