<?xml version="1.0" encoding="utf-8"?><testsuites name="pytest tests"><testsuite name="pytest" errors="0" failures="0" skipped="0" tests="12" time="6.122" timestamp="2026-03-13T03:04:04.976917+00:00" hostname="agent-env-31e7af20-e7ec-4b72-9006-c5c508378135"><testcase classname="backend.tests.test_dashboard_caching.TestDashboardStatsAPI" name="test_dashboard_stats_default_range" time="0.624" /><testcase classname="backend.tests.test_dashboard_caching.TestDashboardStatsAPI" name="test_dashboard_stats_7d_range" time="0.503" /><testcase classname="backend.tests.test_dashboard_caching.TestDashboardStatsAPI" name="test_dashboard_stats_ytd_range" time="0.513" /><testcase classname="backend.tests.test_dashboard_caching.TestDashboardStatsAPI" name="test_dashboard_stats_all_time_range" time="0.473" /><testcase classname="backend.tests.test_dashboard_caching.TestDashboardStatsAPI" name="test_dashboard_stats_requires_auth" time="0.119" /><testcase classname="backend.tests.test_dashboard_caching.TestDashboardStatsAPI" name="test_admin_sees_total_users" time="0.483" /><testcase classname="backend.tests.test_dashboard_caching.TestDashboardStatsAPI" name="test_trader_no_total_users" time="0.499" /><testcase classname="backend.tests.test_dashboard_caching.TestDashboardStatsAPI" name="test_treasury_no_total_users" time="0.549" /><testcase classname="backend.tests.test_dashboard_caching.TestDashboardStatsAPI" name="test_recent_deals_structure" time="0.520" /><testcase classname="backend.tests.test_dashboard_caching.TestDashboardStatsAPI" name="test_deals_by_date_structure" time="0.500" /><testcase classname="backend.tests.test_dashboard_caching.TestDashboardStatsConsistency" name="test_status_counts_add_up" time="0.498" /><testcase classname="backend.tests.test_dashboard_caching.TestDashboardStatsConsistency" name="test_multiple_requests_same_data" time="0.781" /></testsuite></testsuites>