<?xml version="1.0" encoding="utf-8"?><testsuites name="pytest tests"><testsuite name="pytest" errors="0" failures="0" skipped="0" tests="21" time="5.514" timestamp="2026-04-24T11:27:47.551880+00:00" hostname="agent-env-32106591-7339-4d98-9048-0ebef593517c"><testcase classname="backend.tests.test_database_abstraction" name="test_auth_login_all_three_roles" time="1.032" /><testcase classname="backend.tests.test_database_abstraction" name="test_database_status_admin" time="0.438" /><testcase classname="backend.tests.test_database_abstraction" name="test_database_status_trader_forbidden" time="0.438" /><testcase classname="backend.tests.test_database_abstraction" name="test_database_status_treasury_forbidden" time="0.437" /><testcase classname="backend.tests.test_database_abstraction" name="test_storage_status_admin" time="0.116" /><testcase classname="backend.tests.test_database_abstraction" name="test_storage_status_trader_forbidden" time="0.102" /><testcase classname="backend.tests.test_database_abstraction" name="test_reference_currencies" time="0.128" /><testcase classname="backend.tests.test_database_abstraction" name="test_reference_banks" time="0.122" /><testcase classname="backend.tests.test_database_abstraction" name="test_create_deal" time="0.095" /><testcase classname="backend.tests.test_database_abstraction" name="test_list_deals_pagination" time="0.111" /><testcase classname="backend.tests.test_database_abstraction" name="test_get_deal_detail_has_history" time="0.109" /><testcase classname="backend.tests.test_database_abstraction" name="test_get_deal_as_other_trader_forbidden" time="0.432" /><testcase classname="backend.tests.test_database_abstraction" name="test_upload_proof" time="0.391" /><testcase classname="backend.tests.test_database_abstraction" name="test_deal_detail_reflects_proof" time="0.104" /><testcase classname="backend.tests.test_database_abstraction" name="test_delete_proof" time="0.271" /><testcase classname="backend.tests.test_database_abstraction" name="test_treasury_return_then_edit_then_resubmit_then_confirm" time="0.538" /><testcase classname="backend.tests.test_database_abstraction" name="test_dashboard_stats" time="0.125" /><testcase classname="backend.tests.test_database_abstraction" name="test_admin_users_list" time="0.096" /><testcase classname="backend.tests.test_database_abstraction" name="test_users_list_trader_forbidden" time="0.126" /><testcase classname="backend.tests.test_database_abstraction" name="test_audit_logs_admin" time="0.111" /><testcase classname="backend.tests.test_database_abstraction" name="test_audit_logs_trader_forbidden" time="0.103" /></testsuite></testsuites>