<?xml version="1.0" encoding="utf-8"?><testsuites name="pytest tests"><testsuite name="pytest" errors="0" failures="0" skipped="0" tests="18" time="10.213" timestamp="2026-03-12T05:39:16.104670+00:00" hostname="agent-env-5efd29f4-00ff-4471-a157-f09f0e51c0c9"><testcase classname="backend.tests.test_enhancements.TestTransactionTypes" name="test_transaction_types_list" time="0.554" /><testcase classname="backend.tests.test_enhancements.TestTransferTypes" name="test_transfer_types_list" time="0.423" /><testcase classname="backend.tests.test_enhancements.TestBankCryptoToggle" name="test_create_deal_with_bank_type_from" time="0.476" /><testcase classname="backend.tests.test_enhancements.TestBankCryptoToggle" name="test_create_deal_with_crypto_type_from" time="0.461" /><testcase classname="backend.tests.test_enhancements.TestBankCryptoToggle" name="test_create_deal_mixed_types" time="0.463" /><testcase classname="backend.tests.test_enhancements.TestOursSection" name="test_create_deal_with_ours_bank" time="0.431" /><testcase classname="backend.tests.test_enhancements.TestOursSection" name="test_create_deal_with_ours_crypto" time="0.454" /><testcase classname="backend.tests.test_enhancements.TestOursSection" name="test_deal_detail_shows_ours_section" time="0.531" /><testcase classname="backend.tests.test_enhancements.TestCancelDeal" name="test_create_pending_deal_for_cancel" time="0.521" /><testcase classname="backend.tests.test_enhancements.TestCancelDeal" name="test_cancel_without_reason_fails" time="0.502" /><testcase classname="backend.tests.test_enhancements.TestCancelDeal" name="test_cancel_with_whitespace_reason_fails" time="0.549" /><testcase classname="backend.tests.test_enhancements.TestCancelDeal" name="test_cancel_deal_success" time="0.545" /><testcase classname="backend.tests.test_enhancements.TestCancelDeal" name="test_cancel_already_cancelled_deal_fails" time="0.651" /><testcase classname="backend.tests.test_enhancements.TestCancelDeal" name="test_cancel_confirmed_deal_fails" time="0.964" /><testcase classname="backend.tests.test_enhancements.TestCancelDeal" name="test_deal_detail_shows_cancellation_reason" time="0.663" /><testcase classname="backend.tests.test_enhancements.TestCancelDealPermissions" name="test_treasury_cannot_cancel_deal" time="0.864" /><testcase classname="backend.tests.test_enhancements.TestFilterCancelledStatus" name="test_filter_by_cancelled_status" time="0.644" /><testcase classname="backend.tests.test_enhancements.TestDashboardCancelledCount" name="test_dashboard_includes_cancelled_count" time="0.434" /></testsuite></testsuites>