<?xml version="1.0" encoding="utf-8"?><testsuites name="pytest tests"><testsuite name="pytest" errors="0" failures="0" skipped="0" tests="10" time="6.938" timestamp="2026-03-13T02:37:46.373577+00:00" hostname="agent-env-97849ab3-fe48-4ee1-b172-ab59210bcd35"><testcase classname="backend.tests.test_iteration11_features.TestBackendAPIs" name="test_deals_endpoint_response" time="0.500" /><testcase classname="backend.tests.test_iteration11_features.TestBackendAPIs" name="test_deals_with_filters" time="0.560" /><testcase classname="backend.tests.test_iteration11_features.TestBackendAPIs" name="test_treasury_deals_endpoint" time="0.784" /><testcase classname="backend.tests.test_iteration11_features.TestBackendAPIs" name="test_users_endpoint" time="0.806" /><testcase classname="backend.tests.test_iteration11_features.TestBackendAPIs" name="test_audit_logs_endpoint" time="0.783" /><testcase classname="backend.tests.test_iteration11_features.TestBackendAPIs" name="test_reference_data_endpoints" time="1.050" /><testcase classname="backend.tests.test_iteration11_features.TestProofUpload" name="test_create_deal_without_proof" time="0.469" /><testcase classname="backend.tests.test_iteration11_features.TestProofUpload" name="test_upload_proof_to_existing_deal" time="0.923" /><testcase classname="backend.tests.test_iteration11_features.TestProofUpload" name="test_upload_endpoint_exists" time="0.562" /><testcase classname="backend.tests.test_iteration11_features.TestTransactionHistoryEndpoint" name="test_deals_export_csv" time="0.437" /></testsuite></testsuites>