<?xml version="1.0" encoding="utf-8"?><testsuites name="pytest tests"><testsuite name="pytest" errors="0" failures="0" skipped="0" tests="9" time="3.177" timestamp="2026-08-03T05:01:44.694658+00:00" hostname="agent-env-32106591-7339-4d98-9048-0ebef593517c"><testcase classname="backend.tests.test_iter27_fx_revisions" name="test_usdc_named_usd_circle" time="0.487" /><testcase classname="backend.tests.test_iter27_fx_revisions" name="test_transfer_type_corporate_settlement" time="0.107" /><testcase classname="backend.tests.test_iter27_fx_revisions" name="test_bank_account_requires_account_name" time="0.556" /><testcase classname="backend.tests.test_iter27_fx_revisions" name="test_bank_accounts_csv_import" time="0.555" /><testcase classname="backend.tests.test_iter27_fx_revisions" name="test_bank_accounts_import_requires_admin" time="0.543" /><testcase classname="backend.tests.test_iter27_fx_revisions" name="test_companies_csv_import" time="0.422" /><testcase classname="backend.tests.test_iter27_fx_revisions" name="test_companies_import_requires_admin" time="0.114" /><testcase classname="backend.tests.test_iter27_fx_revisions" name="test_deal_creation_fx_corporate_settlement" time="0.124" /><testcase classname="backend.tests.test_iter27_fx_revisions" name="test_deal_creation_crypto_network" time="0.205" /></testsuite></testsuites>