<?xml version="1.0" encoding="utf-8"?><testsuites name="pytest tests"><testsuite name="pytest" errors="0" failures="0" skipped="0" tests="18" time="4.061" timestamp="2026-05-16T03:39:24.738828+00:00" hostname="agent-env-32106591-7339-4d98-9048-0ebef593517c"><testcase classname="backend.tests.test_sysadmin.TestAuth" name="test_sysadmin_login_role" time="0.533" /><testcase classname="backend.tests.test_sysadmin.TestDbStats" name="test_stats_as_sysadmin" time="0.492" /><testcase classname="backend.tests.test_sysadmin.TestDbStats" name="test_stats_as_admin_forbidden" time="0.502" /><testcase classname="backend.tests.test_sysadmin.TestDbStats" name="test_stats_as_trader_forbidden" time="0.483" /><testcase classname="backend.tests.test_sysadmin.TestExport" name="test_export_deals_csv" time="0.110" /><testcase classname="backend.tests.test_sysadmin.TestExport" name="test_export_deals_json" time="0.142" /><testcase classname="backend.tests.test_sysadmin.TestExport" name="test_export_banks_json" time="0.111" /><testcase classname="backend.tests.test_sysadmin.TestExport" name="test_export_bank_accounts_csv" time="0.167" /><testcase classname="backend.tests.test_sysadmin.TestExport" name="test_export_users_csv_excludes_password" time="0.108" /><testcase classname="backend.tests.test_sysadmin.TestExport" name="test_export_invalid_entity" time="0.112" /><testcase classname="backend.tests.test_sysadmin.TestExport" name="test_export_as_admin_forbidden" time="0.168" /><testcase classname="backend.tests.test_sysadmin.TestDbReset" name="test_reset_wrong_confirm" time="0.129" /><testcase classname="backend.tests.test_sysadmin.TestDbReset" name="test_reset_as_admin_forbidden" time="0.109" /><testcase classname="backend.tests.test_sysadmin.TestDbReset" name="test_reset_as_trader_forbidden" time="0.110" /><testcase classname="backend.tests.test_sysadmin.TestSysadminInheritsAdmin" name="test_sysadmin_can_list_users" time="0.131" /><testcase classname="backend.tests.test_sysadmin.TestSysadminInheritsAdmin" name="test_sysadmin_can_view_audit_logs" time="0.122" /><testcase classname="backend.tests.test_sysadmin.TestSysadminInheritsAdmin" name="test_sysadmin_can_access_reports" time="0.117" /><testcase classname="backend.tests.test_sysadmin.TestDbResetFunctional" name="test_z_actual_reset_wipes_deals_retains_users" time="0.345" /></testsuite></testsuites>