<?xml version="1.0" encoding="utf-8"?><testsuites name="pytest tests"><testsuite name="pytest" errors="0" failures="0" skipped="0" tests="15" time="3.733" timestamp="2026-04-28T06:13:18.819096+00:00" hostname="agent-env-32106591-7339-4d98-9048-0ebef593517c"><testcase classname="backend.tests.test_report_permissions.TestGetPermissions" name="test_admin_sees_all_roles" time="0.790" /><testcase classname="backend.tests.test_report_permissions.TestGetPermissions" name="test_trader_sees_only_own_role" time="0.448" /><testcase classname="backend.tests.test_report_permissions.TestGetPermissions" name="test_treasury_sees_only_own_role" time="0.424" /><testcase classname="backend.tests.test_report_permissions.TestUpdatePermissions" name="test_trader_forbidden" time="0.103" /><testcase classname="backend.tests.test_report_permissions.TestUpdatePermissions" name="test_treasury_forbidden" time="0.110" /><testcase classname="backend.tests.test_report_permissions.TestUpdatePermissions" name="test_admin_toggle_and_verify" time="0.647" /><testcase classname="backend.tests.test_report_permissions.TestUpdatePermissions" name="test_empty_body_rejected" time="0.098" /><testcase classname="backend.tests.test_report_permissions.TestDefaultAccess" name="test_trader_deal_blotter_allowed" time="0.104" /><testcase classname="backend.tests.test_report_permissions.TestDefaultAccess" name="test_trader_audit_trail_forbidden" time="0.106" /><testcase classname="backend.tests.test_report_permissions.TestDefaultAccess" name="test_trader_user_activity_forbidden" time="0.128" /><testcase classname="backend.tests.test_report_permissions.TestDefaultAccess" name="test_treasury_audit_trail_forbidden" time="0.107" /><testcase classname="backend.tests.test_report_permissions.TestDefaultAccess" name="test_admin_audit_trail_allowed" time="0.108" /><testcase classname="backend.tests.test_report_permissions.TestDefaultAccess" name="test_trader_settlement_allowed" time="0.110" /><testcase classname="backend.tests.test_report_permissions.TestDefaultAccess" name="test_trader_volume_summary_allowed" time="0.169" /><testcase classname="backend.tests.test_report_permissions.TestDefaultAccess" name="test_unauthenticated_permissions_blocked" time="0.210" /></testsuite></testsuites>