<?xml version="1.0" encoding="utf-8"?><testsuites name="pytest tests"><testsuite name="pytest" errors="0" failures="0" skipped="0" tests="16" time="2.742" timestamp="2026-04-28T08:21:33.406467+00:00" hostname="agent-env-32106591-7339-4d98-9048-0ebef593517c"><testcase classname="backend.tests.test_reports_pagination.TestDealBlotterPagination" name="test_page1_limit5" time="0.546" /><testcase classname="backend.tests.test_reports_pagination.TestDealBlotterPagination" name="test_page2_different_rows" time="0.207" /><testcase classname="backend.tests.test_reports_pagination.TestDealBlotterPagination" name="test_server_side_sort_amount_desc" time="0.106" /><testcase classname="backend.tests.test_reports_pagination.TestDealBlotterPagination" name="test_server_side_sort_amount_asc" time="0.102" /><testcase classname="backend.tests.test_reports_pagination.TestDealBlotterPagination" name="test_csv_full_dataset" time="0.207" /><testcase classname="backend.tests.test_reports_pagination.TestDealBlotterPagination" name="test_pdf_returns_full" time="0.111" /><testcase classname="backend.tests.test_reports_pagination.TestSettlementPagination" name="test_page1_limit10" time="0.100" /><testcase classname="backend.tests.test_reports_pagination.TestSettlementPagination" name="test_from_bank_filter" time="0.099" /><testcase classname="backend.tests.test_reports_pagination.TestSettlementPagination" name="test_csv_no_pagination" time="0.112" /><testcase classname="backend.tests.test_reports_pagination.TestAuditTrailPagination" name="test_page1_limit10" time="0.106" /><testcase classname="backend.tests.test_reports_pagination.TestAuditTrailPagination" name="test_user_filter" time="0.102" /><testcase classname="backend.tests.test_reports_pagination.TestAuditTrailPagination" name="test_trader_forbidden" time="0.428" /><testcase classname="backend.tests.test_reports_pagination.TestAggregationReports" name="test_volume_summary_no_pagination" time="0.110" /><testcase classname="backend.tests.test_reports_pagination.TestAggregationReports" name="test_client_activity_filter" time="0.129" /><testcase classname="backend.tests.test_reports_pagination.TestAggregationReports" name="test_open_positions_snapshot" time="0.119" /><testcase classname="backend.tests.test_reports_pagination.TestAggregationReports" name="test_user_activity_no_pagination" time="0.104" /></testsuite></testsuites>