<?xml version="1.0" encoding="utf-8"?><testsuites name="pytest tests"><testsuite name="pytest" errors="0" failures="0" skipped="0" tests="30" time="4.655" timestamp="2026-04-27T13:39:35.995174+00:00" hostname="agent-env-32106591-7339-4d98-9048-0ebef593517c"><testcase classname="backend.tests.test_reports.TestDealBlotter" name="test_csv" time="0.657" /><testcase classname="backend.tests.test_reports.TestDealBlotter" name="test_pdf" time="0.129" /><testcase classname="backend.tests.test_reports.TestDealBlotter" name="test_filter_status" time="0.154" /><testcase classname="backend.tests.test_reports.TestDealBlotter" name="test_date_range" time="0.140" /><testcase classname="backend.tests.test_reports.TestSettlement" name="test_csv" time="0.115" /><testcase classname="backend.tests.test_reports.TestSettlement" name="test_pdf" time="0.161" /><testcase classname="backend.tests.test_reports.TestOpenPositions" name="test_csv" time="0.102" /><testcase classname="backend.tests.test_reports.TestOpenPositions" name="test_pdf" time="0.144" /><testcase classname="backend.tests.test_reports.TestAuditTrail" name="test_csv_admin" time="0.101" /><testcase classname="backend.tests.test_reports.TestAuditTrail" name="test_pdf_admin" time="0.142" /><testcase classname="backend.tests.test_reports.TestAuditTrail" name="test_trader_forbidden" time="0.437" /><testcase classname="backend.tests.test_reports.TestUserActivity" name="test_csv_admin" time="0.109" /><testcase classname="backend.tests.test_reports.TestUserActivity" name="test_trader_forbidden" time="0.108" /><testcase classname="backend.tests.test_reports.TestVolumeSummary" name="test_daily" time="0.130" /><testcase classname="backend.tests.test_reports.TestVolumeSummary" name="test_monthly" time="0.105" /><testcase classname="backend.tests.test_reports.TestVolumeSummary" name="test_pdf" time="0.106" /><testcase classname="backend.tests.test_reports.TestClientActivity" name="test_csv" time="0.110" /><testcase classname="backend.tests.test_reports.TestClientActivity" name="test_pdf" time="0.176" /><testcase classname="backend.tests.test_reports.TestAuthRequired" name="test_no_token" time="0.111" /><testcase classname="backend.tests.test_reports.TestJsonFormat" name="test_deal_blotter_json" time="0.119" /><testcase classname="backend.tests.test_reports.TestJsonFormat" name="test_settlement_json" time="0.114" /><testcase classname="backend.tests.test_reports.TestJsonFormat" name="test_open_positions_json" time="0.152" /><testcase classname="backend.tests.test_reports.TestJsonFormat" name="test_audit_trail_json_admin" time="0.114" /><testcase classname="backend.tests.test_reports.TestJsonFormat" name="test_audit_trail_json_trader_forbidden" time="0.145" /><testcase classname="backend.tests.test_reports.TestJsonFormat" name="test_user_activity_json_admin" time="0.108" /><testcase classname="backend.tests.test_reports.TestJsonFormat" name="test_user_activity_json_trader_forbidden" time="0.116" /><testcase classname="backend.tests.test_reports.TestJsonFormat" name="test_volume_summary_json_daily" time="0.115" /><testcase classname="backend.tests.test_reports.TestJsonFormat" name="test_volume_summary_json_monthly" time="0.121" /><testcase classname="backend.tests.test_reports.TestJsonFormat" name="test_client_activity_json" time="0.118" /><testcase classname="backend.tests.test_reports.TestJsonFormat" name="test_deal_blotter_json_status_filter" time="0.109" /></testsuite></testsuites>