<?xml version="1.0" encoding="utf-8"?><testsuites name="pytest tests"><testsuite name="pytest" errors="0" failures="0" skipped="0" tests="11" time="3.196" timestamp="2026-06-24T14:42:50.500660+00:00" hostname="agent-env-32106591-7339-4d98-9048-0ebef593517c"><testcase classname="backend.tests.test_iter26_fx_revisions" name="test_item0_transaction_types_buy_sell" time="0.550" /><testcase classname="backend.tests.test_iter26_fx_revisions" name="test_item1_counterparties_seed" time="0.102" /><testcase classname="backend.tests.test_iter26_fx_revisions" name="test_item1_counterparty_create_admin" time="0.737" /><testcase classname="backend.tests.test_iter26_fx_revisions" name="test_item1_counterparty_create_trader_forbidden" time="0.242" /><testcase classname="backend.tests.test_iter26_fx_revisions" name="test_item4_transfer_types_has_intercompany" time="0.137" /><testcase classname="backend.tests.test_iter26_fx_revisions" name="test_item6_interco_deal_buying_ours_persisted" time="0.581" /><testcase classname="backend.tests.test_iter26_fx_revisions" name="test_item7_settlement_dual_lines" time="0.211" /><testcase classname="backend.tests.test_iter26_fx_revisions" name="test_item8_tms_json_columns" time="0.121" /><testcase classname="backend.tests.test_iter26_fx_revisions" name="test_item8_tms_interco_dual_lines" time="0.213" /><testcase classname="backend.tests.test_iter26_fx_revisions" name="test_item8_tms_csv_sap_headers" time="0.125" /><testcase classname="backend.tests.test_iter26_fx_revisions" name="test_zz_cleanup_interco" time="0.112" /></testsuite></testsuites>