<?xml version="1.0" encoding="utf-8"?><testsuites name="pytest tests"><testsuite name="pytest" errors="0" failures="0" skipped="0" tests="7" time="1.210" timestamp="2026-05-15T10:33:28.996750+00:00" hostname="agent-env-32106591-7339-4d98-9048-0ebef593517c"><testcase classname="backend.tests.test_iter24_fx_revisions.TestTransferTypesReference" name="test_fx_bank_deal_present" time="0.495" /><testcase classname="backend.tests.test_iter24_fx_revisions.TestTransferTypesReference" name="test_fx_bank_deal_active" time="0.131" /><testcase classname="backend.tests.test_iter24_fx_revisions.TestFxBankDealCreate" name="test_create_fx_bank_deal_empty_destination" time="0.101" /><testcase classname="backend.tests.test_iter24_fx_revisions.TestFxBankDealCreate" name="test_created_deal_is_fetchable" time="0.095" /><testcase classname="backend.tests.test_iter24_fx_revisions.TestPhpDivideDeal" name="test_php_buy_usd_sell_divides" time="0.110" /><testcase classname="backend.tests.test_iter24_fx_revisions.TestDealsListHistory" name="test_history_in_list_response" time="0.115" /><testcase classname="backend.tests.test_iter24_fx_revisions.TestDealsListHistory" name="test_history_entries_shape" time="0.104" /></testsuite></testsuites>