<?xml version="1.0" encoding="utf-8"?><testsuites name="pytest tests"><testsuite name="pytest" errors="0" failures="0" skipped="0" tests="10" time="4.759" timestamp="2026-03-13T02:04:17.196470+00:00" hostname="agent-env-97849ab3-fe48-4ee1-b172-ab59210bcd35"><testcase classname="backend.tests.test_newdeal_performance.TestReferenceDataEndpoints" name="test_companies_endpoint" time="0.476" /><testcase classname="backend.tests.test_newdeal_performance.TestReferenceDataEndpoints" name="test_banks_endpoint" time="0.423" /><testcase classname="backend.tests.test_newdeal_performance.TestReferenceDataEndpoints" name="test_transaction_types_endpoint" time="0.429" /><testcase classname="backend.tests.test_newdeal_performance.TestReferenceDataEndpoints" name="test_transfer_types_endpoint" time="0.470" /><testcase classname="backend.tests.test_newdeal_performance.TestReferenceDataEndpoints" name="test_currencies_endpoint" time="0.415" /><testcase classname="backend.tests.test_newdeal_performance.TestDealCreation" name="test_create_deal_with_all_fields" time="0.457" /><testcase classname="backend.tests.test_newdeal_performance.TestDealCreation" name="test_get_deals_list" time="0.410" /><testcase classname="backend.tests.test_newdeal_performance.TestDealCreationWithCrypto" name="test_create_deal_with_crypto_from" time="0.476" /><testcase classname="backend.tests.test_newdeal_performance.TestAPIPerformance" name="test_reference_data_response_times" time="0.718" /><testcase classname="backend.tests.test_newdeal_performance.TestAPIPerformance" name="test_deals_list_response_time" time="0.429" /></testsuite></testsuites>