<?xml version="1.0" encoding="utf-8"?><testsuites name="pytest tests"><testsuite name="pytest" errors="0" failures="0" skipped="0" tests="16" time="2.221" timestamp="2026-03-12T11:35:45.946471+00:00" hostname="agent-env-5efd29f4-00ff-4471-a157-f09f0e51c0c9"><testcase classname="backend.tests.test_pagination.TestDealsAPIPagination" name="test_deals_returns_paginated_format" time="0.497" /><testcase classname="backend.tests.test_pagination.TestDealsAPIPagination" name="test_deals_page_2_returns_different_data" time="0.386" /><testcase classname="backend.tests.test_pagination.TestDealsAPIPagination" name="test_deals_limit_parameter_works" time="0.053" /><testcase classname="backend.tests.test_pagination.TestDealsAPIPagination" name="test_deals_pagination_with_status_filter" time="0.052" /><testcase classname="backend.tests.test_pagination.TestDealsAPIPagination" name="test_deals_pagination_with_multiple_filters" time="0.058" /><testcase classname="backend.tests.test_pagination.TestDealsAPIPagination" name="test_deals_pages_calculation_correct" time="0.048" /><testcase classname="backend.tests.test_pagination.TestUsersAPIPagination" name="test_users_returns_paginated_format" time="0.056" /><testcase classname="backend.tests.test_pagination.TestUsersAPIPagination" name="test_users_search_parameter_works" time="0.065" /><testcase classname="backend.tests.test_pagination.TestUsersAPIPagination" name="test_users_endpoint_requires_admin" time="0.053" /><testcase classname="backend.tests.test_pagination.TestUsersAPIPagination" name="test_users_search_with_pagination" time="0.055" /><testcase classname="backend.tests.test_pagination.TestDealsExportNotPaginated" name="test_export_returns_all_records" time="0.113" /><testcase classname="backend.tests.test_pagination.TestDealsExportNotPaginated" name="test_export_with_filter_returns_all_matching" time="0.139" /><testcase classname="backend.tests.test_pagination.TestTreasuryPagination" name="test_treasury_sees_paginated_deals" time="0.328" /><testcase classname="backend.tests.test_pagination.TestEdgeCases" name="test_page_beyond_max_returns_empty" time="0.109" /><testcase classname="backend.tests.test_pagination.TestEdgeCases" name="test_default_limit_is_20" time="0.065" /><testcase classname="backend.tests.test_pagination.TestEdgeCases" name="test_invalid_page_number" time="0.063" /></testsuite></testsuites>