<?xml version="1.0" encoding="utf-8"?><testsuites name="pytest tests"><testsuite name="pytest" errors="0" failures="0" skipped="0" tests="16" time="13.031" timestamp="2026-03-12T15:44:13.274669+00:00" hostname="agent-env-97849ab3-fe48-4ee1-b172-ab59210bcd35"><testcase classname="backend.tests.test_performance_api.TestAuthPerformance" name="test_login_trader_response_time" time="0.468" /><testcase classname="backend.tests.test_performance_api.TestAuthPerformance" name="test_login_admin_response_time" time="0.372" /><testcase classname="backend.tests.test_performance_api.TestAuthPerformance" name="test_login_treasury_response_time" time="0.375" /><testcase classname="backend.tests.test_performance_api.TestDashboardAggregation" name="test_dashboard_stats_7d_performance" time="1.247" /><testcase classname="backend.tests.test_performance_api.TestDashboardAggregation" name="test_dashboard_stats_30d_performance" time="1.245" /><testcase classname="backend.tests.test_performance_api.TestDashboardAggregation" name="test_dashboard_stats_ytd_performance" time="1.157" /><testcase classname="backend.tests.test_performance_api.TestDashboardAggregation" name="test_dashboard_stats_all_time" time="1.143" /><testcase classname="backend.tests.test_performance_api.TestDashboardAggregation" name="test_dashboard_stats_data_integrity" time="1.141" /><testcase classname="backend.tests.test_performance_api.TestDashboardAggregation" name="test_admin_gets_total_users" time="1.124" /><testcase classname="backend.tests.test_performance_api.TestDashboardAggregation" name="test_trader_does_not_see_total_users" time="1.146" /><testcase classname="backend.tests.test_performance_api.TestDashboardAggregation" name="test_treasury_does_not_see_total_users" time="1.169" /><testcase classname="backend.tests.test_performance_api.TestDealsAPIPerformance" name="test_deals_list_performance" time="0.495" /><testcase classname="backend.tests.test_performance_api.TestDealsAPIPerformance" name="test_deals_list_with_filters" time="0.474" /><testcase classname="backend.tests.test_performance_api.TestUsersAPIPerformance" name="test_users_list_performance" time="0.482" /><testcase classname="backend.tests.test_performance_api.TestAuditLogAPIPerformance" name="test_audit_logs_performance" time="0.446" /><testcase classname="backend.tests.test_performance_api.TestCSVExportPerformance" name="test_csv_export_returns_csv" time="0.461" /></testsuite></testsuites>