<?xml version="1.0" encoding="utf-8"?><testsuites name="pytest tests"><testsuite name="pytest" errors="0" failures="0" skipped="0" tests="16" time="2.182" timestamp="2026-03-12T13:33:22.767627+00:00" hostname="agent-env-97849ab3-fe48-4ee1-b172-ab59210bcd35"><testcase classname="test_pagination.TestDealsAPIPagination" name="test_deals_returns_paginated_format" time="0.441" /><testcase classname="test_pagination.TestDealsAPIPagination" name="test_deals_page_2_returns_different_data" time="0.410" /><testcase classname="test_pagination.TestDealsAPIPagination" name="test_deals_limit_parameter_works" time="0.068" /><testcase classname="test_pagination.TestDealsAPIPagination" name="test_deals_pagination_with_status_filter" time="0.060" /><testcase classname="test_pagination.TestDealsAPIPagination" name="test_deals_pagination_with_multiple_filters" time="0.061" /><testcase classname="test_pagination.TestDealsAPIPagination" name="test_deals_pages_calculation_correct" time="0.075" /><testcase classname="test_pagination.TestUsersAPIPagination" name="test_users_returns_paginated_format" time="0.058" /><testcase classname="test_pagination.TestUsersAPIPagination" name="test_users_search_parameter_works" time="0.052" /><testcase classname="test_pagination.TestUsersAPIPagination" name="test_users_endpoint_requires_admin" time="0.051" /><testcase classname="test_pagination.TestUsersAPIPagination" name="test_users_search_with_pagination" time="0.056" /><testcase classname="test_pagination.TestDealsExportNotPaginated" name="test_export_returns_all_records" time="0.120" /><testcase classname="test_pagination.TestDealsExportNotPaginated" name="test_export_with_filter_returns_all_matching" time="0.119" /><testcase classname="test_pagination.TestTreasuryPagination" name="test_treasury_sees_paginated_deals" time="0.324" /><testcase classname="test_pagination.TestEdgeCases" name="test_page_beyond_max_returns_empty" time="0.117" /><testcase classname="test_pagination.TestEdgeCases" name="test_default_limit_is_20" time="0.064" /><testcase classname="test_pagination.TestEdgeCases" name="test_invalid_page_number" time="0.056" /></testsuite></testsuites>