<?xml version="1.0" encoding="utf-8"?><testsuites name="pytest tests"><testsuite name="pytest" errors="0" failures="0" skipped="0" tests="30" time="17.506" timestamp="2026-03-11T14:45:07.373992+00:00" hostname="agent-env-5efd29f4-00ff-4471-a157-f09f0e51c0c9"><testcase classname="backend.tests.test_fx_deals_features.TestAuthentication" name="test_trader_login" time="0.562" /><testcase classname="backend.tests.test_fx_deals_features.TestAuthentication" name="test_treasury_login" time="0.352" /><testcase classname="backend.tests.test_fx_deals_features.TestAuthentication" name="test_admin_login" time="0.382" /><testcase classname="backend.tests.test_fx_deals_features.TestAuthentication" name="test_invalid_login" time="0.151" /><testcase classname="backend.tests.test_fx_deals_features.TestReferenceData" name="test_get_companies" time="0.544" /><testcase classname="backend.tests.test_fx_deals_features.TestReferenceData" name="test_get_banks" time="0.465" /><testcase classname="backend.tests.test_fx_deals_features.TestReferenceData" name="test_get_currencies" time="0.543" /><testcase classname="backend.tests.test_fx_deals_features.TestReferenceData" name="test_get_transaction_types" time="0.537" /><testcase classname="backend.tests.test_fx_deals_features.TestReferenceData" name="test_get_transfer_types" time="0.510" /><testcase classname="backend.tests.test_fx_deals_features.TestDealCreationValidation" name="test_create_deal_missing_all_fields" time="0.498" /><testcase classname="backend.tests.test_fx_deals_features.TestDealCreationValidation" name="test_create_deal_missing_client_name" time="0.446" /><testcase classname="backend.tests.test_fx_deals_features.TestDealCRUD" name="test_create_deal_with_all_fields" time="0.481" /><testcase classname="backend.tests.test_fx_deals_features.TestDealCRUD" name="test_get_deal_detail" time="0.454" /><testcase classname="backend.tests.test_fx_deals_features.TestDealFilters" name="test_filter_by_status" time="0.538" /><testcase classname="backend.tests.test_fx_deals_features.TestDealFilters" name="test_filter_by_client" time="0.494" /><testcase classname="backend.tests.test_fx_deals_features.TestDealFilters" name="test_filter_by_currency" time="0.476" /><testcase classname="backend.tests.test_fx_deals_features.TestDealFilters" name="test_filter_by_date_range" time="0.466" /><testcase classname="backend.tests.test_fx_deals_features.TestDealFilters" name="test_treasury_filter_access" time="0.440" /><testcase classname="backend.tests.test_fx_deals_features.TestSettlementProofUpload" name="test_upload_settlement_proof" time="1.429" /><testcase classname="backend.tests.test_fx_deals_features.TestSettlementProofUpload" name="test_view_deal_with_proofs" time="0.516" /><testcase classname="backend.tests.test_fx_deals_features.TestSettlementProofUpload" name="test_upload_invalid_file_type" time="0.536" /><testcase classname="backend.tests.test_fx_deals_features.TestSettlementProofUpload" name="test_delete_settlement_proof" time="0.639" /><testcase classname="backend.tests.test_fx_deals_features.TestTreasuryProcessing" name="test_treasury_can_view_pending_deals" time="1.049" /><testcase classname="backend.tests.test_fx_deals_features.TestTreasuryProcessing" name="test_treasury_confirm_deal" time="1.012" /><testcase classname="backend.tests.test_fx_deals_features.TestTreasuryProcessing" name="test_treasury_return_deal" time="0.916" /><testcase classname="backend.tests.test_fx_deals_features.TestTreasuryProcessing" name="test_cannot_process_already_processed_deal" time="1.047" /><testcase classname="backend.tests.test_fx_deals_features.TestTreasuryProcessing" name="test_trader_cannot_process_deals" time="0.527" /><testcase classname="backend.tests.test_fx_deals_features.TestDashboardStats" name="test_trader_dashboard" time="0.466" /><testcase classname="backend.tests.test_fx_deals_features.TestDashboardStats" name="test_treasury_dashboard" time="0.474" /><testcase classname="backend.tests.test_fx_deals_features.TestDashboardStats" name="test_admin_dashboard" time="0.455" /></testsuite></testsuites>