<?xml version="1.0" encoding="utf-8"?><testsuites name="pytest tests"><testsuite name="pytest" errors="0" failures="0" skipped="0" tests="19" time="3.363" timestamp="2026-04-27T13:15:49.234003+00:00" hostname="agent-env-32106591-7339-4d98-9048-0ebef593517c"><testcase classname="backend.tests.test_reports.TestDealBlotter" name="test_csv" time="0.470" /><testcase classname="backend.tests.test_reports.TestDealBlotter" name="test_pdf" time="0.137" /><testcase classname="backend.tests.test_reports.TestDealBlotter" name="test_filter_status" time="0.120" /><testcase classname="backend.tests.test_reports.TestDealBlotter" name="test_date_range" time="0.110" /><testcase classname="backend.tests.test_reports.TestSettlement" name="test_csv" time="0.111" /><testcase classname="backend.tests.test_reports.TestSettlement" name="test_pdf" time="0.142" /><testcase classname="backend.tests.test_reports.TestOpenPositions" name="test_csv" time="0.117" /><testcase classname="backend.tests.test_reports.TestOpenPositions" name="test_pdf" time="0.124" /><testcase classname="backend.tests.test_reports.TestAuditTrail" name="test_csv_admin" time="0.106" /><testcase classname="backend.tests.test_reports.TestAuditTrail" name="test_pdf_admin" time="0.133" /><testcase classname="backend.tests.test_reports.TestAuditTrail" name="test_trader_forbidden" time="0.440" /><testcase classname="backend.tests.test_reports.TestUserActivity" name="test_csv_admin" time="0.107" /><testcase classname="backend.tests.test_reports.TestUserActivity" name="test_trader_forbidden" time="0.105" /><testcase classname="backend.tests.test_reports.TestVolumeSummary" name="test_daily" time="0.118" /><testcase classname="backend.tests.test_reports.TestVolumeSummary" name="test_monthly" time="0.112" /><testcase classname="backend.tests.test_reports.TestVolumeSummary" name="test_pdf" time="0.520" /><testcase classname="backend.tests.test_reports.TestClientActivity" name="test_csv" time="0.103" /><testcase classname="backend.tests.test_reports.TestClientActivity" name="test_pdf" time="0.117" /><testcase classname="backend.tests.test_reports.TestAuthRequired" name="test_no_token" time="0.117" /></testsuite></testsuites>