<?xml version="1.0" encoding="utf-8"?><testsuites name="pytest tests"><testsuite name="pytest" errors="0" failures="0" skipped="0" tests="16" time="5.427" timestamp="2026-03-12T10:50:53.562576+00:00" hostname="agent-env-5efd29f4-00ff-4471-a157-f09f0e51c0c9"><testcase classname="backend.tests.test_resubmit_workflow.TestCompleteResubmitWorkflow" name="test_01_trader_creates_deal_with_proof" time="1.111" /><testcase classname="backend.tests.test_resubmit_workflow.TestCompleteResubmitWorkflow" name="test_02_deal_shows_in_treasury_queue_as_pending" time="0.457" /><testcase classname="backend.tests.test_resubmit_workflow.TestCompleteResubmitWorkflow" name="test_03_treasury_returns_deal_with_remarks" time="0.104" /><testcase classname="backend.tests.test_resubmit_workflow.TestCompleteResubmitWorkflow" name="test_04_trader_sees_returned_deal_with_remarks" time="0.106" /><testcase classname="backend.tests.test_resubmit_workflow.TestCompleteResubmitWorkflow" name="test_05_trader_deletes_old_proof" time="0.253" /><testcase classname="backend.tests.test_resubmit_workflow.TestCompleteResubmitWorkflow" name="test_06_trader_uploads_new_proof" time="0.346" /><testcase classname="backend.tests.test_resubmit_workflow.TestCompleteResubmitWorkflow" name="test_07_resubmit_clears_treasury_fields" time="0.113" /><testcase classname="backend.tests.test_resubmit_workflow.TestCompleteResubmitWorkflow" name="test_08_resubmitted_deal_appears_in_treasury_queue" time="0.106" /><testcase classname="backend.tests.test_resubmit_workflow.TestCompleteResubmitWorkflow" name="test_09_treasury_confirms_resubmitted_deal" time="0.160" /><testcase classname="backend.tests.test_resubmit_workflow.TestCompleteResubmitWorkflow" name="test_10_audit_trail_logs_resubmit_action" time="0.474" /><testcase classname="backend.tests.test_resubmit_workflow.TestResubmitEndpointValidation" name="test_resubmit_only_works_for_returned_deals_not_pending" time="0.206" /><testcase classname="backend.tests.test_resubmit_workflow.TestResubmitEndpointValidation" name="test_resubmit_only_works_for_returned_deals_not_confirmed" time="0.356" /><testcase classname="backend.tests.test_resubmit_workflow.TestResubmitEndpointValidation" name="test_resubmit_only_works_for_returned_deals_not_cancelled" time="0.353" /><testcase classname="backend.tests.test_resubmit_workflow.TestResubmitEndpointValidation" name="test_resubmit_only_works_for_own_deals" time="0.325" /><testcase classname="backend.tests.test_resubmit_workflow.TestProofUploadVisibility" name="test_upload_allowed_for_pending_deal" time="0.381" /><testcase classname="backend.tests.test_resubmit_workflow.TestProofUploadVisibility" name="test_upload_allowed_for_returned_deal" time="0.506" /></testsuite></testsuites>