<?xml version="1.0" encoding="utf-8"?><testsuites name="pytest tests"><testsuite name="pytest" errors="0" failures="0" skipped="0" tests="14" time="3.168" timestamp="2026-04-24T10:18:14.559045+00:00" hostname="agent-env-32106591-7339-4d98-9048-0ebef593517c"><testcase classname="backend.tests.test_storage_abstraction.TestLogin" name="test_login_trader" time="1.171" /><testcase classname="backend.tests.test_storage_abstraction.TestLogin" name="test_login_treasury" time="0.000" /><testcase classname="backend.tests.test_storage_abstraction.TestLogin" name="test_login_admin" time="0.000" /><testcase classname="backend.tests.test_storage_abstraction.TestStorageStatus" name="test_admin_storage_status" time="0.102" /><testcase classname="backend.tests.test_storage_abstraction.TestStorageStatus" name="test_non_admin_storage_status_forbidden" time="0.213" /><testcase classname="backend.tests.test_storage_abstraction.TestDealCRUD" name="test_create_deal" time="0.114" /><testcase classname="backend.tests.test_storage_abstraction.TestDealCRUD" name="test_list_deals" time="0.110" /><testcase classname="backend.tests.test_storage_abstraction.TestDealCRUD" name="test_get_deal_detail" time="0.111" /><testcase classname="backend.tests.test_storage_abstraction.TestStorageFlow" name="test_upload_client_proof" time="0.334" /><testcase classname="backend.tests.test_storage_abstraction.TestStorageFlow" name="test_download_file" time="0.222" /><testcase classname="backend.tests.test_storage_abstraction.TestStorageFlow" name="test_deal_contains_proof" time="0.124" /><testcase classname="backend.tests.test_storage_abstraction.TestStorageFlow" name="test_upload_processor_proof" time="0.242" /><testcase classname="backend.tests.test_storage_abstraction.TestStorageFlow" name="test_upload_invalid_proof_type" time="0.110" /><testcase classname="backend.tests.test_storage_abstraction.TestStorageFlow" name="test_delete_proof" time="0.248" /></testsuite></testsuites>