<?xml version="1.0" encoding="utf-8"?><testsuites name="pytest tests"><testsuite name="pytest" errors="0" failures="0" skipped="0" tests="10" time="9.169" timestamp="2026-03-13T20:14:56.389324+00:00" hostname="agent-env-31e7af20-e7ec-4b72-9006-c5c508378135"><testcase classname="backend.tests.test_user_name_and_password.TestUserNameSplit" name="test_trader_login_returns_name_fields" time="0.587" /><testcase classname="backend.tests.test_user_name_and_password.TestUserNameSplit" name="test_treasury_login_returns_name_fields" time="0.394" /><testcase classname="backend.tests.test_user_name_and_password.TestUserNameSplit" name="test_admin_login_returns_name_fields" time="0.344" /><testcase classname="backend.tests.test_user_name_and_password.TestUserCRUDWithNameFields" name="test_create_user_with_name_fields" time="1.258" /><testcase classname="backend.tests.test_user_name_and_password.TestUserCRUDWithNameFields" name="test_update_user_name_fields" time="1.348" /><testcase classname="backend.tests.test_user_name_and_password.TestUserCRUDWithNameFields" name="test_list_users_shows_name_fields" time="0.493" /><testcase classname="backend.tests.test_user_name_and_password.TestChangePassword" name="test_change_password_wrong_current" time="0.834" /><testcase classname="backend.tests.test_user_name_and_password.TestChangePassword" name="test_change_password_success_and_revert" time="2.635" /><testcase classname="backend.tests.test_user_name_and_password.TestChangePassword" name="test_change_password_short_new_password" time="0.682" /><testcase classname="backend.tests.test_user_name_and_password.TestAuthMe" name="test_me_endpoint_returns_name_fields" time="0.522" /></testsuite></testsuites>